[2019-12-04 13:41:12,090 INFO] From: data/data.vocab.pt
[2019-12-04 13:41:12,090 INFO] 	* source vocab: 50004 words
[2019-12-04 13:41:12,090 INFO] 	* target vocab: 50004 words
[2019-12-04 13:41:12,090 INFO] Reading encoder embeddings from embedding/wiki_500_sg_fastT.model
[2019-12-04 13:41:34,182 INFO] 	Found 769922 total vectors in file.
[2019-12-04 13:41:34,182 INFO] Reading decoder embeddings from embedding/wiki_500_sg_fastT.model
[2019-12-04 13:41:56,637 INFO] 	Found 769922 total vectors in file
[2019-12-04 13:41:56,637 INFO] After filtering to vectors in vocab:
[2019-12-04 13:41:56,649 INFO] 	* enc: 46720 match, 3284 missing, (93.43%)
[2019-12-04 13:41:56,658 INFO] 	* dec: 46720 match, 3284 missing, (93.43%)
[2019-12-04 13:41:56,658 INFO] 
Saving embedding as:
	* enc: data/fasttext_embeddings.enc.pt
	* dec: data/fasttext_embeddings.dec.pt
[2019-12-04 13:41:57,790 INFO] 
Done.
[2019-12-05 10:18:37,055 INFO] From: data/small/data.vocab.pt
[2019-12-05 10:18:37,055 INFO] 	* source vocab: 2593 words
[2019-12-05 10:18:37,055 INFO] 	* target vocab: 2593 words
[2019-12-05 10:18:37,056 INFO] Reading encoder embeddings from wiki_500_CBOW.model
[2019-12-05 10:19:22,845 INFO] From: data/small/data.vocab.pt
[2019-12-05 10:19:22,845 INFO] 	* source vocab: 2593 words
[2019-12-05 10:19:22,845 INFO] 	* target vocab: 2593 words
[2019-12-05 10:19:22,845 INFO] Reading encoder embeddings from embedding/wiki_500_sg_fastT.model
[2019-12-05 10:19:41,169 INFO] 	Found 769922 total vectors in file.
[2019-12-05 10:19:41,169 INFO] Reading decoder embeddings from embedding/wiki_500_sg_fastT.model
[2019-12-05 10:19:59,617 INFO] 	Found 769922 total vectors in file
[2019-12-05 10:19:59,617 INFO] After filtering to vectors in vocab:
[2019-12-05 10:19:59,618 INFO] 	* enc: 2382 match, 211 missing, (91.86%)
[2019-12-05 10:19:59,618 INFO] 	* dec: 2382 match, 211 missing, (91.86%)
[2019-12-05 10:19:59,618 INFO] 
Saving embedding as:
	* enc: data/small/embeddings.enc.pt
	* dec: data/small/embeddings.dec.pt
[2019-12-05 10:19:59,698 INFO] 
Done.
[2019-12-09 22:56:55,022 INFO] From: data/addtag/word_100_25/data.vocab.pt
[2019-12-09 22:56:55,033 INFO] 	* source vocab: 50004 words
[2019-12-09 22:56:55,033 INFO] 	* target vocab: 50004 words
[2019-12-09 22:56:55,033 INFO] Reading encoder embeddings from embedding/wiki_500_sg_fastT.model
[2019-12-09 22:57:34,969 INFO] 	Found 769922 total vectors in file.
[2019-12-09 22:57:34,969 INFO] Reading decoder embeddings from embedding/wiki_500_sg_fastT.model
[2019-12-09 22:57:57,907 INFO] 	Found 769922 total vectors in file
[2019-12-09 22:57:57,907 INFO] After filtering to vectors in vocab:
[2019-12-09 22:57:57,919 INFO] 	* enc: 46764 match, 3240 missing, (93.52%)
[2019-12-09 22:57:57,929 INFO] 	* dec: 46764 match, 3240 missing, (93.52%)
[2019-12-09 22:57:57,929 INFO] 
Saving embedding as:
	* enc: data/addtag/word_100_25/embeddings.enc.pt
	* dec: data/addtag/word_100_25/embeddings.dec.pt
[2019-12-09 22:57:59,306 INFO] 
Done.
[2019-12-12 10:18:58,446 INFO] From: data/addtag/sentence_100_25/data.vocab.pt
[2019-12-12 10:18:58,460 INFO] 	* source vocab: 50004 words
[2019-12-12 10:18:58,460 INFO] 	* target vocab: 50004 words
[2019-12-12 10:18:58,460 INFO] Reading encoder embeddings from embedding/wiki_500_sg_fastT.model
[2019-12-12 10:19:36,817 INFO] 	Found 769922 total vectors in file.
[2019-12-12 10:19:36,817 INFO] Reading decoder embeddings from embedding/wiki_500_sg_fastT.model
[2019-12-12 10:19:59,139 INFO] 	Found 769922 total vectors in file
[2019-12-12 10:19:59,139 INFO] After filtering to vectors in vocab:
[2019-12-12 10:19:59,151 INFO] 	* enc: 46600 match, 3404 missing, (93.19%)
[2019-12-12 10:19:59,161 INFO] 	* dec: 46600 match, 3404 missing, (93.19%)
[2019-12-12 10:19:59,161 INFO] 
Saving embedding as:
	* enc: data/addtag/sentence_100_25/embeddings.enc.pt
	* dec: data/addtag/sentence_100_25/embeddings.dec.pt
[2019-12-12 10:20:00,318 INFO] 
Done.
[2019-12-12 10:29:37,374 INFO] From: data/addtag/sentence_300_25/data.vocab.pt
[2019-12-12 10:29:37,374 INFO] 	* source vocab: 50004 words
[2019-12-12 10:29:37,374 INFO] 	* target vocab: 50004 words
[2019-12-12 10:29:37,374 INFO] Reading encoder embeddings from embedding/wiki_500_sg_fastT.model
[2019-12-12 10:29:59,188 INFO] 	Found 769922 total vectors in file.
[2019-12-12 10:29:59,188 INFO] Reading decoder embeddings from embedding/wiki_500_sg_fastT.model
[2019-12-12 10:30:21,341 INFO] 	Found 769922 total vectors in file
[2019-12-12 10:30:21,341 INFO] After filtering to vectors in vocab:
[2019-12-12 10:30:21,353 INFO] 	* enc: 46518 match, 3486 missing, (93.03%)
[2019-12-12 10:30:21,362 INFO] 	* dec: 46518 match, 3486 missing, (93.03%)
[2019-12-12 10:30:21,362 INFO] 
Saving embedding as:
	* enc: data/addtag/sentence_300_25/embeddings.enc.pt
	* dec: data/addtag/sentence_300_25/embeddings.dec.pt
[2019-12-12 10:30:22,453 INFO] 
Done.
[2019-12-19 21:37:15,195 INFO] From: data/addtag/word_150_25/data.vocab.pt
[2019-12-19 21:37:15,208 INFO] 	* source vocab: 50004 words
[2019-12-19 21:37:15,208 INFO] 	* target vocab: 50004 words
[2019-12-19 21:37:15,208 INFO] Reading encoder embeddings from embedding/wiki_500_sg_fastT.model
[2019-12-19 21:37:53,550 INFO] 	Found 769922 total vectors in file.
[2019-12-19 21:37:53,550 INFO] Reading decoder embeddings from embedding/wiki_500_sg_fastT.model
[2019-12-19 21:38:16,135 INFO] 	Found 769922 total vectors in file
[2019-12-19 21:38:16,135 INFO] After filtering to vectors in vocab:
[2019-12-19 21:38:16,161 INFO] 	* enc: 46764 match, 3240 missing, (93.52%)
[2019-12-19 21:38:16,170 INFO] 	* dec: 46764 match, 3240 missing, (93.52%)
[2019-12-19 21:38:16,170 INFO] 
Saving embedding as:
	* enc: data/addtag/word_150_25/embeddings.enc.pt
	* dec: data/addtag/word_150_25/embeddings.dec.pt
[2019-12-19 21:38:17,268 INFO] 
Done.
[2019-12-19 21:52:56,182 INFO] From: data/addtag/sentence_200_25/data.vocab.pt
[2019-12-19 21:52:56,182 INFO] 	* source vocab: 50004 words
[2019-12-19 21:52:56,182 INFO] 	* target vocab: 50004 words
[2019-12-19 21:52:56,183 INFO] Reading encoder embeddings from embedding/wiki_500_sg_fastT.model
[2019-12-19 21:53:18,548 INFO] 	Found 769922 total vectors in file.
[2019-12-19 21:53:18,548 INFO] Reading decoder embeddings from embedding/wiki_500_sg_fastT.model
[2019-12-19 21:53:41,317 INFO] 	Found 769922 total vectors in file
[2019-12-19 21:53:41,317 INFO] After filtering to vectors in vocab:
[2019-12-19 21:53:41,328 INFO] 	* enc: 46518 match, 3486 missing, (93.03%)
[2019-12-19 21:53:41,338 INFO] 	* dec: 46518 match, 3486 missing, (93.03%)
[2019-12-19 21:53:41,338 INFO] 
Saving embedding as:
	* enc: data/addtag/sentence_200_25/embeddings.enc.pt
	* dec: data/addtag/sentence_200_25/embeddings.dec.pt
[2019-12-19 21:53:42,443 INFO] 
Done.
[2020-01-14 15:11:59,499 INFO] From: data/bigru/data.vocab.pt
[2020-01-14 15:11:59,514 INFO] 	* source vocab: 50004 words
[2020-01-14 15:11:59,514 INFO] 	* target vocab: 50004 words
[2020-01-14 15:11:59,514 INFO] Reading encoder embeddings from embedding/wiki_500_sg_fastT.model
[2020-01-14 15:12:37,492 INFO] 	Found 769922 total vectors in file.
[2020-01-14 15:12:37,492 INFO] Reading decoder embeddings from embedding/wiki_500_sg_fastT.model
[2020-01-14 15:13:00,053 INFO] 	Found 769922 total vectors in file
[2020-01-14 15:13:00,053 INFO] After filtering to vectors in vocab:
[2020-01-14 15:13:00,065 INFO] 	* enc: 46689 match, 3315 missing, (93.37%)
[2020-01-14 15:13:00,074 INFO] 	* dec: 46689 match, 3315 missing, (93.37%)
[2020-01-14 15:13:00,075 INFO] 
Saving embedding as:
	* enc: data/bigru/embeddings.enc.pt
	* dec: data/bigru/embeddings.dec.pt
[2020-01-14 15:13:01,184 INFO] 
Done.
[2020-01-14 15:14:10,755 INFO] From: data/bigru2/data.vocab.pt
[2020-01-14 15:14:10,755 INFO] 	* source vocab: 50004 words
[2020-01-14 15:14:10,755 INFO] 	* target vocab: 50004 words
[2020-01-14 15:14:10,755 INFO] Reading encoder embeddings from embedding/wiki_500_sg_fastT.model
[2020-01-14 15:14:33,055 INFO] 	Found 769922 total vectors in file.
[2020-01-14 15:14:33,055 INFO] Reading decoder embeddings from embedding/wiki_500_sg_fastT.model
[2020-01-14 15:14:55,767 INFO] 	Found 769922 total vectors in file
[2020-01-14 15:14:55,767 INFO] After filtering to vectors in vocab:
[2020-01-14 15:14:55,779 INFO] 	* enc: 46701 match, 3303 missing, (93.39%)
[2020-01-14 15:14:55,789 INFO] 	* dec: 46701 match, 3303 missing, (93.39%)
[2020-01-14 15:14:55,789 INFO] 
Saving embedding as:
	* enc: data/bigru2/embeddings.enc.pt
	* dec: data/bigru2/embeddings.dec.pt
[2020-01-14 15:14:56,895 INFO] 
Done.
[2020-01-25 20:05:10,099 INFO] From: data/bilstm/data.vocab.pt
[2020-01-25 20:05:10,119 INFO] 	* source vocab: 50004 words
[2020-01-25 20:05:10,119 INFO] 	* target vocab: 50004 words
[2020-01-25 20:05:10,119 INFO] Reading encoder embeddings from embedding/wiki_500_sg_fastT.model
[2020-01-25 20:05:48,253 INFO] 	Found 769922 total vectors in file.
[2020-01-25 20:05:48,253 INFO] Reading decoder embeddings from embedding/wiki_500_sg_fastT.model
[2020-01-25 20:06:10,576 INFO] 	Found 769922 total vectors in file
[2020-01-25 20:06:10,576 INFO] After filtering to vectors in vocab:
[2020-01-25 20:06:10,587 INFO] 	* enc: 46699 match, 3305 missing, (93.39%)
[2020-01-25 20:06:10,597 INFO] 	* dec: 46699 match, 3305 missing, (93.39%)
[2020-01-25 20:06:10,597 INFO] 
Saving embedding as:
	* enc: data/bilstm/embeddings.enc.pt
	* dec: data/bilstm/embeddings.dec.pt
[2020-01-25 20:06:11,715 INFO] 
Done.
[2020-01-25 20:07:09,018 INFO] From: data/bilstm2/data.vocab.pt
[2020-01-25 20:07:09,018 INFO] 	* source vocab: 50004 words
[2020-01-25 20:07:09,018 INFO] 	* target vocab: 50004 words
[2020-01-25 20:07:09,018 INFO] Reading encoder embeddings from embedding/wiki_500_sg_fastT.model
[2020-01-25 20:07:31,507 INFO] 	Found 769922 total vectors in file.
[2020-01-25 20:07:31,508 INFO] Reading decoder embeddings from embedding/wiki_500_sg_fastT.model
[2020-01-25 20:07:54,008 INFO] 	Found 769922 total vectors in file
[2020-01-25 20:07:54,008 INFO] After filtering to vectors in vocab:
[2020-01-25 20:07:54,020 INFO] 	* enc: 46693 match, 3311 missing, (93.38%)
[2020-01-25 20:07:54,031 INFO] 	* dec: 46693 match, 3311 missing, (93.38%)
[2020-01-25 20:07:54,031 INFO] 
Saving embedding as:
	* enc: data/bilstm2/embeddings.enc.pt
	* dec: data/bilstm2/embeddings.dec.pt
[2020-01-25 20:07:55,166 INFO] 
Done.
[2020-02-01 22:22:46,808 INFO] From: data/bigru3/data.vocab.pt
[2020-02-01 22:22:46,820 INFO] 	* source vocab: 50004 words
[2020-02-01 22:22:46,820 INFO] 	* target vocab: 50004 words
[2020-02-01 22:22:46,820 INFO] Reading encoder embeddings from embedding/wiki_500_sg_fastT.model
[2020-02-01 22:23:26,965 INFO] 	Found 769922 total vectors in file.
[2020-02-01 22:23:26,965 INFO] Reading decoder embeddings from embedding/wiki_500_sg_fastT.model
[2020-02-01 22:23:50,431 INFO] 	Found 769922 total vectors in file
[2020-02-01 22:23:50,431 INFO] After filtering to vectors in vocab:
[2020-02-01 22:23:50,443 INFO] 	* enc: 46684 match, 3320 missing, (93.36%)
[2020-02-01 22:23:50,453 INFO] 	* dec: 46684 match, 3320 missing, (93.36%)
[2020-02-01 22:23:50,453 INFO] 
Saving embedding as:
	* enc: data/bigru3/embeddings.enc.pt
	* dec: data/bigru3/embeddings.dec.pt
[2020-02-01 22:23:51,660 INFO] 
Done.
[2020-03-18 00:13:25,125 INFO] From: data/bilstm3/data.vocab.pt
[2020-03-18 00:13:25,145 INFO] 	* source vocab: 50004 words
[2020-03-18 00:13:25,146 INFO] 	* target vocab: 50004 words
[2020-03-18 00:13:25,146 INFO] Reading encoder embeddings from embedding/wiki_500_sg_fastT.model
[2020-03-18 00:14:06,132 INFO] 	Found 769922 total vectors in file.
[2020-03-18 00:14:06,132 INFO] Reading decoder embeddings from embedding/wiki_500_sg_fastT.model
[2020-03-18 00:14:28,592 INFO] 	Found 769922 total vectors in file
[2020-03-18 00:14:28,593 INFO] After filtering to vectors in vocab:
[2020-03-18 00:14:28,604 INFO] 	* enc: 46682 match, 3322 missing, (93.36%)
[2020-03-18 00:14:28,614 INFO] 	* dec: 46682 match, 3322 missing, (93.36%)
[2020-03-18 00:14:28,614 INFO] 
Saving embedding as:
	* enc: data/bilstm3/embeddings.enc.pt
	* dec: data/bilstm3/embeddings.dec.pt
[2020-03-18 00:14:29,720 INFO] 
Done.
[2020-06-09 14:19:24,687 INFO] From: data/addtag/sentence_150_25/data.vocab.pt
[2020-06-09 14:19:24,704 INFO] 	* source vocab: 50004 words
[2020-06-09 14:19:24,704 INFO] 	* target vocab: 50004 words
[2020-06-09 14:19:24,704 INFO] Reading encoder embeddings from embedding/wiki_500_sg_fastT.model
[2020-06-09 14:20:04,097 INFO] 	Found 769922 total vectors in file.
[2020-06-09 14:20:04,097 INFO] Reading decoder embeddings from embedding/wiki_500_sg_fastT.model
[2020-06-09 14:20:27,167 INFO] 	Found 769922 total vectors in file
[2020-06-09 14:20:27,167 INFO] After filtering to vectors in vocab:
[2020-06-09 14:20:27,179 INFO] 	* enc: 46518 match, 3486 missing, (93.03%)
[2020-06-09 14:20:27,188 INFO] 	* dec: 46518 match, 3486 missing, (93.03%)
[2020-06-09 14:20:27,188 INFO] 
Saving embedding as:
	* enc: data/addtag/sentence_150_25/embeddings.enc.pt
	* dec: data/addtag/sentence_150_25/embeddings.dec.pt
[2020-06-09 14:20:28,360 INFO] 
Done.
[2020-06-20 23:17:35,343 INFO] From: data/addtag/sentence_250_25/data.vocab.pt
[2020-06-20 23:17:35,356 INFO] 	* source vocab: 50004 words
[2020-06-20 23:17:35,356 INFO] 	* target vocab: 50004 words
[2020-06-20 23:17:35,356 INFO] Reading encoder embeddings from embedding/wiki_500_sg_fastT.model
[2020-06-20 23:18:13,672 INFO] 	Found 769922 total vectors in file.
[2020-06-20 23:18:13,672 INFO] Reading decoder embeddings from embedding/wiki_500_sg_fastT.model
[2020-06-20 23:18:36,125 INFO] 	Found 769922 total vectors in file
[2020-06-20 23:18:36,125 INFO] After filtering to vectors in vocab:
[2020-06-20 23:18:36,137 INFO] 	* enc: 46518 match, 3486 missing, (93.03%)
[2020-06-20 23:18:36,146 INFO] 	* dec: 46518 match, 3486 missing, (93.03%)
[2020-06-20 23:18:36,146 INFO] 
Saving embedding as:
	* enc: data/addtag/sentence_250_25/embeddings.enc.pt
	* dec: data/addtag/sentence_250_25/embeddings.dec.pt
[2020-06-20 23:18:37,234 INFO] 
Done.
[2020-06-24 11:57:30,629 INFO] From: data/addtag/word_200_25/data.vocab.pt
[2020-06-24 11:57:30,642 INFO] 	* source vocab: 50004 words
[2020-06-24 11:57:30,642 INFO] 	* target vocab: 50004 words
[2020-06-24 11:57:30,643 INFO] Reading encoder embeddings from embedding/wiki_500_sg_fastT.model
[2020-06-24 11:58:08,166 INFO] 	Found 769922 total vectors in file.
[2020-06-24 11:58:08,166 INFO] Reading decoder embeddings from embedding/wiki_500_sg_fastT.model
[2020-06-24 11:58:30,962 INFO] 	Found 769922 total vectors in file
[2020-06-24 11:58:30,962 INFO] After filtering to vectors in vocab:
[2020-06-24 11:58:30,974 INFO] 	* enc: 46764 match, 3240 missing, (93.52%)
[2020-06-24 11:58:30,983 INFO] 	* dec: 46764 match, 3240 missing, (93.52%)
[2020-06-24 11:58:30,983 INFO] 
Saving embedding as:
	* enc: data/addtag/word_200_25/embeddings.enc.pt
	* dec: data/addtag/word_200_25/embeddings.dec.pt
[2020-06-24 11:58:32,108 INFO] 
Done.
[2020-07-06 22:30:56,271 INFO] From: data/addtag/sent1/data.vocab.pt
[2020-07-06 22:30:56,284 INFO] 	* source vocab: 50004 words
[2020-07-06 22:30:56,284 INFO] 	* target vocab: 50004 words
[2020-07-06 22:30:56,284 INFO] Reading encoder embeddings from embedding/wiki_500_sg_fastT.model
[2020-07-06 22:31:34,683 INFO] 	Found 769922 total vectors in file.
[2020-07-06 22:31:34,683 INFO] Reading decoder embeddings from embedding/wiki_500_sg_fastT.model
[2020-07-06 22:31:57,330 INFO] 	Found 769922 total vectors in file
[2020-07-06 22:31:57,330 INFO] After filtering to vectors in vocab:
[2020-07-06 22:31:57,342 INFO] 	* enc: 46744 match, 3260 missing, (93.48%)
[2020-07-06 22:31:57,351 INFO] 	* dec: 46744 match, 3260 missing, (93.48%)
[2020-07-06 22:31:57,351 INFO] 
Saving embedding as:
	* enc: data/addtag/sent1/embeddings.enc.pt
	* dec: data/addtag/sent1/embeddings.dec.pt
[2020-07-06 22:31:58,695 INFO] 
Done.
[2020-07-06 22:32:44,335 INFO] From: data/addtag/sent3/data.vocab.pt
[2020-07-06 22:32:44,335 INFO] 	* source vocab: 50004 words
[2020-07-06 22:32:44,335 INFO] 	* target vocab: 50004 words
[2020-07-06 22:32:44,335 INFO] Reading encoder embeddings from embedding/wiki_500_sg_fastT.model
[2020-07-06 22:33:06,295 INFO] 	Found 769922 total vectors in file.
[2020-07-06 22:33:06,295 INFO] Reading decoder embeddings from embedding/wiki_500_sg_fastT.model
[2020-07-06 22:33:28,824 INFO] 	Found 769922 total vectors in file
[2020-07-06 22:33:28,825 INFO] After filtering to vectors in vocab:
[2020-07-06 22:33:28,836 INFO] 	* enc: 46452 match, 3552 missing, (92.90%)
[2020-07-06 22:33:28,846 INFO] 	* dec: 46452 match, 3552 missing, (92.90%)
[2020-07-06 22:33:28,846 INFO] 
Saving embedding as:
	* enc: data/addtag/sent3/embeddings.enc.pt
	* dec: data/addtag/sent3/embeddings.dec.pt
[2020-07-06 22:33:29,914 INFO] 
Done.
[2020-07-06 22:35:12,365 INFO] From: data/addtag/text9/data.vocab.pt
[2020-07-06 22:35:12,365 INFO] 	* source vocab: 50004 words
[2020-07-06 22:35:12,365 INFO] 	* target vocab: 50004 words
[2020-07-06 22:35:12,365 INFO] Reading encoder embeddings from embedding/wiki_500_sg_fastT.model
[2020-07-06 22:35:34,582 INFO] 	Found 769922 total vectors in file.
[2020-07-06 22:35:34,582 INFO] Reading decoder embeddings from embedding/wiki_500_sg_fastT.model
[2020-07-06 22:35:57,076 INFO] 	Found 769922 total vectors in file
[2020-07-06 22:35:57,076 INFO] After filtering to vectors in vocab:
[2020-07-06 22:35:57,090 INFO] 	* enc: 46759 match, 3245 missing, (93.51%)
[2020-07-06 22:35:57,099 INFO] 	* dec: 46759 match, 3245 missing, (93.51%)
[2020-07-06 22:35:57,099 INFO] 
Saving embedding as:
	* enc: data/addtag/text9/embeddings.enc.pt
	* dec: data/addtag/text9/embeddings.dec.pt
[2020-07-06 22:35:58,177 INFO] 
Done.
[2020-07-06 22:36:05,246 INFO] From: data/addtag/text11/data.vocab.pt
[2020-07-06 22:36:05,247 INFO] 	* source vocab: 50004 words
[2020-07-06 22:36:05,247 INFO] 	* target vocab: 50004 words
[2020-07-06 22:36:05,247 INFO] Reading encoder embeddings from embedding/wiki_500_sg_fastT.model
[2020-07-06 22:36:26,986 INFO] 	Found 769922 total vectors in file.
[2020-07-06 22:36:26,986 INFO] Reading decoder embeddings from embedding/wiki_500_sg_fastT.model
[2020-07-06 22:36:49,201 INFO] 	Found 769922 total vectors in file
[2020-07-06 22:36:49,201 INFO] After filtering to vectors in vocab:
[2020-07-06 22:36:49,213 INFO] 	* enc: 46773 match, 3231 missing, (93.54%)
[2020-07-06 22:36:49,222 INFO] 	* dec: 46773 match, 3231 missing, (93.54%)
[2020-07-06 22:36:49,222 INFO] 
Saving embedding as:
	* enc: data/addtag/text11/embeddings.enc.pt
	* dec: data/addtag/text11/embeddings.dec.pt
[2020-07-06 22:36:50,336 INFO] 
Done.
